

*******************************************************************************
Sun Mar 11 18:46:06 2018


FIT:    data read from 'Salida.dat'
        format = z
        #datapoints = 29
        residuals are weighted equally (unit weight)

function used for fitting: f(x)
fitted parameters initialized with current variable values



 Iteration 0
 WSSR        : 1.76788e+12       delta(WSSR)/WSSR   : 0
 delta(WSSR) : 0                 limit for stopping : 1e-05
 lambda	  : 174587

initial set of free parameter values

a               = 1
b               = 1

After 9 iterations the fit converged.
final sum of squares of residuals : 2.06149e-07
rel. change during last iteration : -7.22682e-08

degrees of freedom    (FIT_NDF)                        : 27
rms of residuals      (FIT_STDFIT) = sqrt(WSSR/ndf)    : 8.73794e-05
variance of residuals (reduced chisquare) = WSSR/ndf   : 7.63517e-09

Final set of parameters            Asymptotic Standard Error
=======================            ==========================

a               = 1.05692e-08      +/- 1.281e-10    (1.212%)
b               = -1.47074e-05     +/- 3.162e-05    (215%)


correlation matrix of the fit parameters:

               a      b      
a               1.000 
b              -0.858  1.000 
