

*******************************************************************************
Sun Mar 11 18:46:44 2018


FIT:    data read from 'Salida.dat'
        format = z
        #datapoints = 29
        residuals are weighted equally (unit weight)

function used for fitting: f(x)
fitted parameters initialized with current variable values



 Iteration 0
 WSSR        : 1.76788e+12       delta(WSSR)/WSSR   : 0
 delta(WSSR) : 0                 limit for stopping : 1e-05
 lambda	  : 174587

initial set of free parameter values

a               = 1
b               = 1

After 9 iterations the fit converged.
final sum of squares of residuals : 1.53265e-06
rel. change during last iteration : -9.71919e-09

degrees of freedom    (FIT_NDF)                        : 27
rms of residuals      (FIT_STDFIT) = sqrt(WSSR/ndf)    : 0.000238253
variance of residuals (reduced chisquare) = WSSR/ndf   : 5.67647e-08

Final set of parameters            Asymptotic Standard Error
=======================            ==========================

a               = 1.20462e-08      +/- 3.492e-10    (2.899%)
b               = 5.12778e-05      +/- 8.623e-05    (168.2%)


correlation matrix of the fit parameters:

               a      b      
a               1.000 
b              -0.858  1.000 
