

*******************************************************************************
Sun Mar 11 18:20:59 2018


FIT:    data read from 'Salida.dat'
        format = z
        #datapoints = 34
        residuals are weighted equally (unit weight)

function used for fitting: f(x)
fitted parameters initialized with current variable values



 Iteration 0
 WSSR        : 3.93531e+20       delta(WSSR)/WSSR   : 0
 delta(WSSR) : 0                 limit for stopping : 1e-05
 lambda	  : 2.40566e+09

initial set of free parameter values

a               = 1
b               = 1

After 5 iterations the fit converged.
final sum of squares of residuals : 31.147
rel. change during last iteration : -1.071e-09

degrees of freedom    (FIT_NDF)                        : 32
rms of residuals      (FIT_STDFIT) = sqrt(WSSR/ndf)    : 0.986583
variance of residuals (reduced chisquare) = WSSR/ndf   : 0.973345

Final set of parameters            Asymptotic Standard Error
=======================            ==========================

a               = 5.80342e-09      +/- 5.208e-11    (0.8975%)
b               = 1                +/- 0.1772       (17.72%)


correlation matrix of the fit parameters:

               a      b      
a               1.000 
b              -0.297  1.000 


*******************************************************************************
Sun Mar 11 18:22:00 2018


FIT:    data read from 'Salida.dat'
        format = z
        #datapoints = 35
        residuals are weighted equally (unit weight)

function used for fitting: f(x)
fitted parameters initialized with current variable values



 Iteration 0
 WSSR        : 6.88678e+20       delta(WSSR)/WSSR   : 0
 delta(WSSR) : 0                 limit for stopping : 1e-05
 lambda	  : 3.1366e+09

initial set of free parameter values

a               = 1
b               = 1

After 5 iterations the fit converged.
final sum of squares of residuals : 31.2957
rel. change during last iteration : -6.21141e-10

degrees of freedom    (FIT_NDF)                        : 33
rms of residuals      (FIT_STDFIT) = sqrt(WSSR/ndf)    : 0.973835
variance of residuals (reduced chisquare) = WSSR/ndf   : 0.948355

Final set of parameters            Asymptotic Standard Error
=======================            ==========================

a               = 5.7907e-09       +/- 3.934e-11    (0.6794%)
b               = 1                +/- 0.1745       (17.45%)


correlation matrix of the fit parameters:

               a      b      
a               1.000 
b              -0.332  1.000 
