

*******************************************************************************
Sun Mar 11 18:47:58 2018


FIT:    data read from 'Salida.dat'
        format = z
        #datapoints = 29
        residuals are weighted equally (unit weight)

function used for fitting: f(x)
fitted parameters initialized with current variable values



 Iteration 0
 WSSR        : 4.46438e+18       delta(WSSR)/WSSR   : 0
 delta(WSSR) : 0                 limit for stopping : 1e-05
 lambda	  : 2.26518e+08

initial set of free parameter values

a               = 1
b               = 1
c               = 1

After 12 iterations the fit converged.
final sum of squares of residuals : 5.40929e-05
rel. change during last iteration : -2.33028e-07

degrees of freedom    (FIT_NDF)                        : 26
rms of residuals      (FIT_STDFIT) = sqrt(WSSR/ndf)    : 0.00144239
variance of residuals (reduced chisquare) = WSSR/ndf   : 2.0805e-06

Final set of parameters            Asymptotic Standard Error
=======================            ==========================

a               = 1.22159e-09      +/- 4.286e-12    (0.3508%)
b               = -2.19171e-07     +/- 1.325e-07    (60.45%)
c               = 0.00108918       +/- 0.0008623    (79.17%)


correlation matrix of the fit parameters:

               a      b      c      
a               1.000 
b              -0.970  1.000 
c               0.770 -0.882  1.000 
